<?xml version="1.0" encoding="UTF-8"?>
<testng-results ignored="0" total="1" passed="1" failed="0" skipped="0">
  <reporter-output>
  </reporter-output>
  <suite started-at="2025-04-08T18:41:14 EDT" name="API Testing Suite" finished-at="2025-04-08T18:41:17 EDT" duration-ms="2650">
    <groups>
    </groups>
    <test started-at="2025-04-08T18:41:14 EDT" name="API Tests" finished-at="2025-04-08T18:41:17 EDT" duration-ms="2650">
      <class name="com.example.api.ApiTest">
        <test-method signature="testGetRequest()[pri:0, instance:com.example.api.ApiTest@290d210d]" started-at="2025-04-08T18:41:14 EDT" name="testGetRequest" finished-at="2025-04-08T18:41:17 EDT" duration-ms="2614" status="PASS">
          <reporter-output>
          </reporter-output>
        </test-method> <!-- testGetRequest -->
      </class> <!-- com.example.api.ApiTest -->
    </test> <!-- API Tests -->
  </suite> <!-- API Testing Suite -->
</testng-results>
